<?xml version="1.0" encoding="UTF-8" ?>
<testsuites>
  <testsuite errors="0" failures="0" hostname="ITs-MacBook-Pro.local" id="0" name="ColorIntegrationSpec" package="colorshare" tests="2" time="0.357" timestamp="2018-01-16T17:58:59">
      <properties />

      <testcase classname="colorshare.ColorIntegrationSpec" name="Adding colors to user links the color to the user" time="0.337" />

      <testcase classname="colorshare.ColorIntegrationSpec" name="Ensure that colors linked to a user can be retrieved" time="0.019" />

      <system-out><![CDATA[--Output from Adding colors to user links the color to the user--
--Output from Ensure that colors linked to a user can be retrieved--
]]></system-out>

      <system-err><![CDATA[--Output from Adding colors to user links the color to the user--
--Output from Ensure that colors linked to a user can be retrieved--
]]></system-err>

  </testsuite>
  <testsuite errors="0" failures="0" hostname="ITs-MacBook-Pro.local" id="1" name="FavoriteIntegrationSpec" package="colorshare" tests="2" time="0.043" timestamp="2018-01-16T17:58:59">
      <properties />

      <testcase classname="colorshare.FavoriteIntegrationSpec" name="Add a color to a user&apos;s favorite" time="0.025" />

      <testcase classname="colorshare.FavoriteIntegrationSpec" name="Ensure that a user as both a cerator and favoriter and the actual color can be correctly retrieved" time="0.017" />

      <system-out><![CDATA[--Output from Add a color to a user's favorite--
--Output from Ensure that a user as both a cerator and favoriter and the actual color can be correctly retrieved--
]]></system-out>

      <system-err><![CDATA[--Output from Add a color to a user's favorite--
--Output from Ensure that a user as both a cerator and favoriter and the actual color can be correctly retrieved--
]]></system-err>

  </testsuite>
  <testsuite errors="0" failures="0" hostname="ITs-MacBook-Pro.local" id="2" name="UserIntegrationSpec" package="colorshare" tests="3" time="0.075" timestamp="2018-01-16T17:58:59">
      <properties />

      <testcase classname="colorshare.UserIntegrationSpec" name="Saving user to the database" time="0.022" />

      <testcase classname="colorshare.UserIntegrationSpec" name="Updating a saved user changes its properties" time="0.016" />

      <testcase classname="colorshare.UserIntegrationSpec" name="Deleting a user removes it from the database" time="0.036" />

      <system-out><![CDATA[--Output from Saving user to the database--
--Output from Updating a saved user changes its properties--
--Output from Deleting a user removes it from the database--
]]></system-out>

      <system-err><![CDATA[--Output from Saving user to the database--
--Output from Updating a saved user changes its properties--
--Output from Deleting a user removes it from the database--
]]></system-err>

  </testsuite>
</testsuites>
