<?xml version="1.0" encoding="UTF-8" ?>
<testsuites>
  <testsuite errors="0" failures="0" hostname="ITs-MacBook-Pro.local" id="0" name="ColorControllerSpec" package="colorshare" tests="6" time="6.206" timestamp="2018-01-19T22:44:27">
      <properties />

      <testcase classname="colorshare.ColorControllerSpec" name="Get all colors from all users when visiting home aka color-index" time="5.694" />

      <testcase classname="colorshare.ColorControllerSpec" name="Check that session is empty when visiting color index without being logged in" time="0.185" />

      <testcase classname="colorshare.ColorControllerSpec" name="Get a user&apos;s created colors when viewing &apos;My Colors&apos;" time="0.092" />

      <testcase classname="colorshare.ColorControllerSpec" name="check that an attempt to see created colors without logged in user returns an error" time="0.053" />

      <testcase classname="colorshare.ColorControllerSpec" name="Get a users favorite colors list given they are signed in" time="0.093" />

      <testcase classname="colorshare.ColorControllerSpec" name="check that an attempt to see favorited colors without logged in user returns an error" time="0.049" />

      <system-out><![CDATA[--Output from Get all colors from all users when visiting home aka color-index--
--Output from Check that session is empty when visiting color index without being logged in--
--Output from Get a user's created colors when viewing 'My Colors'--
--Output from check that an attempt to see created colors without logged in user returns an error--
--Output from Get a users favorite colors list given they are signed in--
--Output from check that an attempt to see favorited colors without logged in user returns an error--
]]></system-out>

      <system-err><![CDATA[--Output from Get all colors from all users when visiting home aka color-index--
--Output from Check that session is empty when visiting color index without being logged in--
--Output from Get a user's created colors when viewing 'My Colors'--
--Output from check that an attempt to see created colors without logged in user returns an error--
--Output from Get a users favorite colors list given they are signed in--
--Output from check that an attempt to see favorited colors without logged in user returns an error--
]]></system-err>

  </testsuite>
  <testsuite errors="0" failures="0" hostname="ITs-MacBook-Pro.local" id="1" name="LoginControllerSpec" package="colorshare" tests="3" time="0.468" timestamp="2018-01-19T22:44:33">
      <properties />

      <testcase classname="colorshare.LoginControllerSpec" name="A session user is defined when a user signs in" time="0.331" />

      <testcase classname="colorshare.LoginControllerSpec" name="A session user is not defined when a user signs in with incorrect information" time="0.058" />

      <testcase classname="colorshare.LoginControllerSpec" name="A session user is cleared when logging out" time="0.049" />

      <system-out><![CDATA[--Output from A session user is defined when a user signs in--
--Output from A session user is not defined when a user signs in with incorrect information--
--Output from A session user is cleared when logging out--
]]></system-out>

      <system-err><![CDATA[--Output from A session user is defined when a user signs in--
--Output from A session user is not defined when a user signs in with incorrect information--
--Output from A session user is cleared when logging out--
]]></system-err>

  </testsuite>
  <testsuite errors="0" failures="0" hostname="ITs-MacBook-Pro.local" id="2" name="UserControllerSpec" package="colorshare" tests="5" time="0.586" timestamp="2018-01-19T22:44:33">
      <properties />

      <testcase classname="colorshare.UserControllerSpec" name="registering a user creates them within the database" time="0.269" />

      <testcase classname="colorshare.UserControllerSpec" name="registering a user with invalidated data returns an error" time="0.056" />

      <testcase classname="colorshare.UserControllerSpec" name="adding favorite colors to users will populate the user&apos;s FavoriteColors" time="0.111" />

      <testcase classname="colorshare.UserControllerSpec" name="adding favorite colors when no session user is set results in an error" time="0.066" />

      <testcase classname="colorshare.UserControllerSpec" name="removing favorite colors when no session user is set results in an error" time="0.065" />

      <system-out><![CDATA[--Output from registering a user creates them within the database--
--Output from registering a user with invalidated data returns an error--
--Output from adding favorite colors to users will populate the user's FavoriteColors--
--Output from adding favorite colors when no session user is set results in an error--
--Output from removing favorite colors when no session user is set results in an error--
]]></system-out>

      <system-err><![CDATA[--Output from registering a user creates them within the database--
--Output from registering a user with invalidated data returns an error--
--Output from adding favorite colors to users will populate the user's FavoriteColors--
--Output from adding favorite colors when no session user is set results in an error--
--Output from removing favorite colors when no session user is set results in an error--
]]></system-err>

  </testsuite>
</testsuites>
